<?xml version="1.0" encoding="UTF-8"?>
<!-- Generated by org.testng.reporters.JUnitReportReporter -->
<testsuite skipped="0" hostname="TR-26TFZY2" name="gittesting.GitHubTesting" tests="1" failures="0" timestamp="2020-03-29T23:13:29 IST" time="39.578" errors="0">
  <testcase name="guru99tutorials" time="39.578" classname="gittesting.GitHubTesting"/>
</testsuite> <!-- gittesting.GitHubTesting -->
